Determining if the Q_WS_WIN exist failed with the following output:
Change Dir: /home/kane/gazebo/build/CMakeFiles/CMakeTmp

Run Build Command:"/usr/bin/make" "cmTryCompileExec548504091/fast"
/usr/bin/make -f CMakeFiles/cmTryCompileExec548504091.dir/build.make CMakeFiles/cmTryCompileExec548504091.dir/build
make[1]: Entering directory '/home/kane/gazebo/build/CMakeFiles/CMakeTmp'
/usr/bin/cmake -E cmake_progress_report /home/kane/gazebo/build/CMakeFiles/CMakeTmp/CMakeFiles 1
Building CXX object CMakeFiles/cmTryCompileExec548504091.dir/CheckSymbolExists.cxx.o
/usr/bin/c++    -I/usr/include/qt4    -o CMakeFiles/cmTryCompileExec548504091.dir/CheckSymbolExists.cxx.o -c /home/kane/gazebo/build/CMakeFiles/CMakeTmp/CheckSymbolExists.cxx
/home/kane/gazebo/build/CMakeFiles/CMakeTmp/CheckSymbolExists.cxx: In function ‘int main(int, char**)’:
/home/kane/gazebo/build/CMakeFiles/CMakeTmp/CheckSymbolExists.cxx:8:19: error: ‘Q_WS_WIN’ was not declared in this scope
   return ((int*)(&Q_WS_WIN))[argc];
                   ^
CMakeFiles/cmTryCompileExec548504091.dir/build.make:57: recipe for target 'CMakeFiles/cmTryCompileExec548504091.dir/CheckSymbolExists.cxx.o' failed
make[1]: *** [CMakeFiles/cmTryCompileExec548504091.dir/CheckSymbolExists.cxx.o] Error 1
make[1]: Leaving directory '/home/kane/gazebo/build/CMakeFiles/CMakeTmp'
Makefile:118: recipe for target 'cmTryCompileExec548504091/fast' failed
make: *** [cmTryCompileExec548504091/fast] Error 2

File /home/kane/gazebo/build/CMakeFiles/CMakeTmp/CheckSymbolExists.cxx:
/* */
#include <QtCore/qglobal.h>

int main(int argc, char** argv)
{
  (void)argv;
#ifndef Q_WS_WIN
  return ((int*)(&Q_WS_WIN))[argc];
#else
  (void)argc;
  return 0;
#endif
}

Determining if the Q_WS_QWS exist failed with the following output:
Change Dir: /home/kane/gazebo/build/CMakeFiles/CMakeTmp

Run Build Command:"/usr/bin/make" "cmTryCompileExec614543876/fast"
/usr/bin/make -f CMakeFiles/cmTryCompileExec614543876.dir/build.make CMakeFiles/cmTryCompileExec614543876.dir/build
make[1]: Entering directory '/home/kane/gazebo/build/CMakeFiles/CMakeTmp'
/usr/bin/cmake -E cmake_progress_report /home/kane/gazebo/build/CMakeFiles/CMakeTmp/CMakeFiles 1
Building CXX object CMakeFiles/cmTryCompileExec614543876.dir/CheckSymbolExists.cxx.o
/usr/bin/c++    -I/usr/include/qt4    -o CMakeFiles/cmTryCompileExec614543876.dir/CheckSymbolExists.cxx.o -c /home/kane/gazebo/build/CMakeFiles/CMakeTmp/CheckSymbolExists.cxx
/home/kane/gazebo/build/CMakeFiles/CMakeTmp/CheckSymbolExists.cxx: In function ‘int main(int, char**)’:
/home/kane/gazebo/build/CMakeFiles/CMakeTmp/CheckSymbolExists.cxx:8:19: error: ‘Q_WS_QWS’ was not declared in this scope
   return ((int*)(&Q_WS_QWS))[argc];
                   ^
CMakeFiles/cmTryCompileExec614543876.dir/build.make:57: recipe for target 'CMakeFiles/cmTryCompileExec614543876.dir/CheckSymbolExists.cxx.o' failed
make[1]: *** [CMakeFiles/cmTryCompileExec614543876.dir/CheckSymbolExists.cxx.o] Error 1
make[1]: Leaving directory '/home/kane/gazebo/build/CMakeFiles/CMakeTmp'
Makefile:118: recipe for target 'cmTryCompileExec614543876/fast' failed
make: *** [cmTryCompileExec614543876/fast] Error 2

File /home/kane/gazebo/build/CMakeFiles/CMakeTmp/CheckSymbolExists.cxx:
/* */
#include <QtCore/qglobal.h>

int main(int argc, char** argv)
{
  (void)argv;
#ifndef Q_WS_QWS
  return ((int*)(&Q_WS_QWS))[argc];
#else
  (void)argc;
  return 0;
#endif
}

Determining if the Q_WS_MAC exist failed with the following output:
Change Dir: /home/kane/gazebo/build/CMakeFiles/CMakeTmp

Run Build Command:"/usr/bin/make" "cmTryCompileExec3701940113/fast"
/usr/bin/make -f CMakeFiles/cmTryCompileExec3701940113.dir/build.make CMakeFiles/cmTryCompileExec3701940113.dir/build
make[1]: Entering directory '/home/kane/gazebo/build/CMakeFiles/CMakeTmp'
/usr/bin/cmake -E cmake_progress_report /home/kane/gazebo/build/CMakeFiles/CMakeTmp/CMakeFiles 1
Building CXX object CMakeFiles/cmTryCompileExec3701940113.dir/CheckSymbolExists.cxx.o
/usr/bin/c++    -I/usr/include/qt4    -o CMakeFiles/cmTryCompileExec3701940113.dir/CheckSymbolExists.cxx.o -c /home/kane/gazebo/build/CMakeFiles/CMakeTmp/CheckSymbolExists.cxx
/home/kane/gazebo/build/CMakeFiles/CMakeTmp/CheckSymbolExists.cxx: In function ‘int main(int, char**)’:
/home/kane/gazebo/build/CMakeFiles/CMakeTmp/CheckSymbolExists.cxx:8:19: error: ‘Q_WS_MAC’ was not declared in this scope
   return ((int*)(&Q_WS_MAC))[argc];
                   ^
CMakeFiles/cmTryCompileExec3701940113.dir/build.make:57: recipe for target 'CMakeFiles/cmTryCompileExec3701940113.dir/CheckSymbolExists.cxx.o' failed
make[1]: *** [CMakeFiles/cmTryCompileExec3701940113.dir/CheckSymbolExists.cxx.o] Error 1
make[1]: Leaving directory '/home/kane/gazebo/build/CMakeFiles/CMakeTmp'
Makefile:118: recipe for target 'cmTryCompileExec3701940113/fast' failed
make: *** [cmTryCompileExec3701940113/fast] Error 2

File /home/kane/gazebo/build/CMakeFiles/CMakeTmp/CheckSymbolExists.cxx:
/* */
#include <QtCore/qglobal.h>

int main(int argc, char** argv)
{
  (void)argv;
#ifndef Q_WS_MAC
  return ((int*)(&Q_WS_MAC))[argc];
#else
  (void)argc;
  return 0;
#endif
}

Determining if the pthread_create exist failed with the following output:
Change Dir: /home/kane/gazebo/build/CMakeFiles/CMakeTmp

Run Build Command:"/usr/bin/make" "cmTryCompileExec4256662560/fast"
/usr/bin/make -f CMakeFiles/cmTryCompileExec4256662560.dir/build.make CMakeFiles/cmTryCompileExec4256662560.dir/build
make[1]: Entering directory '/home/kane/gazebo/build/CMakeFiles/CMakeTmp'
/usr/bin/cmake -E cmake_progress_report /home/kane/gazebo/build/CMakeFiles/CMakeTmp/CMakeFiles 1
Building C object CMakeFiles/cmTryCompileExec4256662560.dir/CheckSymbolExists.c.o
/usr/bin/cc    -o CMakeFiles/cmTryCompileExec4256662560.dir/CheckSymbolExists.c.o   -c /home/kane/gazebo/build/CMakeFiles/CMakeTmp/CheckSymbolExists.c
Linking C executable cmTryCompileExec4256662560
/usr/bin/cmake -E cmake_link_script CMakeFiles/cmTryCompileExec4256662560.dir/link.txt --verbose=1
/usr/bin/cc       CMakeFiles/cmTryCompileExec4256662560.dir/CheckSymbolExists.c.o  -o cmTryCompileExec4256662560 -rdynamic 
CMakeFiles/cmTryCompileExec4256662560.dir/CheckSymbolExists.c.o: In function `main':
CheckSymbolExists.c:(.text+0x16): undefined reference to `pthread_create'
collect2: error: ld returned 1 exit status
CMakeFiles/cmTryCompileExec4256662560.dir/build.make:88: recipe for target 'cmTryCompileExec4256662560' failed
make[1]: *** [cmTryCompileExec4256662560] Error 1
make[1]: Leaving directory '/home/kane/gazebo/build/CMakeFiles/CMakeTmp'
Makefile:118: recipe for target 'cmTryCompileExec4256662560/fast' failed
make: *** [cmTryCompileExec4256662560/fast] Error 2

File /home/kane/gazebo/build/CMakeFiles/CMakeTmp/CheckSymbolExists.c:
/* */
#include <pthread.h>

int main(int argc, char** argv)
{
  (void)argv;
#ifndef pthread_create
  return ((int*)(&pthread_create))[argc];
#else
  (void)argc;
  return 0;
#endif
}

Determining if the function pthread_create exists in the pthreads failed with the following output:
Change Dir: /home/kane/gazebo/build/CMakeFiles/CMakeTmp

Run Build Command:"/usr/bin/make" "cmTryCompileExec2542751298/fast"
/usr/bin/make -f CMakeFiles/cmTryCompileExec2542751298.dir/build.make CMakeFiles/cmTryCompileExec2542751298.dir/build
make[1]: Entering directory '/home/kane/gazebo/build/CMakeFiles/CMakeTmp'
/usr/bin/cmake -E cmake_progress_report /home/kane/gazebo/build/CMakeFiles/CMakeTmp/CMakeFiles 1
Building C object CMakeFiles/cmTryCompileExec2542751298.dir/CheckFunctionExists.c.o
/usr/bin/cc   -DCHECK_FUNCTION_EXISTS=pthread_create   -o CMakeFiles/cmTryCompileExec2542751298.dir/CheckFunctionExists.c.o   -c /usr/share/cmake-3.0/Modules/CheckFunctionExists.c
Linking C executable cmTryCompileExec2542751298
/usr/bin/cmake -E cmake_link_script CMakeFiles/cmTryCompileExec2542751298.dir/link.txt --verbose=1
/usr/bin/cc   -DCHECK_FUNCTION_EXISTS=pthread_create    CMakeFiles/cmTryCompileExec2542751298.dir/CheckFunctionExists.c.o  -o cmTryCompileExec2542751298 -rdynamic -lpthreads 
/usr/bin/ld: cannot find -lpthreads
collect2: error: ld returned 1 exit status
CMakeFiles/cmTryCompileExec2542751298.dir/build.make:88: recipe for target 'cmTryCompileExec2542751298' failed
make[1]: *** [cmTryCompileExec2542751298] Error 1
make[1]: Leaving directory '/home/kane/gazebo/build/CMakeFiles/CMakeTmp'
Makefile:118: recipe for target 'cmTryCompileExec2542751298/fast' failed
make: *** [cmTryCompileExec2542751298/fast] Error 2


